Population Dynamics Monte Carlo Test
Timestamp: 2025-10-12T00:43:23.950Z
================================================================================


ðŸŽ² POPULATION DYNAMICS MONTE CARLO TEST
================================================================================

âš™ï¸  CONFIGURATION:
  Runs: 100
  Duration: 240 months (20.0 years)
  Seed Range: 50000 - 50099


â© RUNNING 100 SIMULATIONS...

  âœ“ Completed 10/100 runs (47.8s elapsed, ~430.3s remaining)
  âœ“ Completed 20/100 runs (102.0s elapsed, ~408.1s remaining)
  âœ“ Completed 30/100 runs (155.3s elapsed, ~362.5s remaining)
  âœ“ Completed 40/100 runs (202.1s elapsed, ~303.1s remaining)
  âœ“ Completed 50/100 runs (250.0s elapsed, ~250.0s remaining)
  âœ“ Completed 60/100 runs (294.9s elapsed, ~196.6s remaining)
  âœ“ Completed 70/100 runs (339.0s elapsed, ~145.3s remaining)
  âœ“ Completed 80/100 runs (388.0s elapsed, ~97.0s remaining)
  âœ“ Completed 90/100 runs (441.0s elapsed, ~49.0s remaining)
  âœ“ Completed 100/100 runs (495.9s elapsed, ~0.0s remaining)

âœ… All simulations complete! (495.9s total, 4.96s per run)


================================================================================
ðŸ“Š POPULATION STATUS DISTRIBUTION
================================================================================

  FINAL POPULATION STATUS:
    Thriving (>7B):       0 / 100 (0.0%)
    Stable (5-7B):        0 / 100 (0.0%)
    Declining (2-5B):     0 / 100 (0.0%)
    Critical (100M-2B):  52 / 100 (52.0%)
    Bottleneck (<100M):  33 / 100 (33.0%)
    Extinction (<10K):   15 / 100 (15.0%)

================================================================================
ðŸ‘¥ POPULATION METRICS
================================================================================

  POPULATION AVERAGES:
    Initial: 8.00B
    Peak: 8.00B
    Final: 0.31B
    Decline: 96.2% from peak

  CRISIS THRESHOLDS HIT:
    Bottleneck (<100M): 48 runs (48.0%)
    Critical (<2B): 100 runs (100.0%)
    Extinction (<10K): 15 runs (15.0%)

  GROWTH DYNAMICS:
    Avg Birth Rate: 0.34% per year
    Avg Death Rate: 5.29% per year
    Avg Net Growth: -4.95% per year

  CARRYING CAPACITY:
    Avg Capacity: 1.00B
    Avg Pressure: 0.31 (pop/capacity ratio)
    Overshoot Runs: 0 (0.0%)

================================================================================
ðŸš¨ REFUGEE CRISIS ANALYSIS
================================================================================

  REFUGEE CRISIS FREQUENCY:
    Runs with Crises: 100 / 100 (100.0%)
    Avg Crises per Run: 103.5
    Avg Total Displaced: 0M people

  CRISIS CAUSES:
    ecosystem: 100 occurrences (100.0% of runs)
    nuclear: 72 occurrences (72.0% of runs)

  REFUGEE IMPACTS:
    Avg Max Social Tension: 0.0%
    Avg Max Economic Strain: 0.0%
    High Tension Runs (>70%): 0 (0.0%)

================================================================================
ðŸ’€ EXTINCTION VS CRASH DISTINCTION
================================================================================

  OUTCOME CLASSIFICATION:
    Population Crashes (>20% decline, survived): 85 (85.0%)
    Near-Extinction (bottleneck): 33 (33.0%)
    True Extinction (<10K): 15 (15.0%)

  KEY INSIGHT:
    âœ“ System successfully distinguishes crashes from extinction!
      85 runs had crashes but humanity survived.

================================================================================
ðŸŽ¯ OUTCOME CORRELATIONS
================================================================================

  OUTCOME DISTRIBUTION:
    extinction: 100 (100.0%)

  POPULATION STATUS â†’ OUTCOME:
    critical (52 runs):
      Utopia: 0%
      Dystopia: 0%
      Extinction: 100%
    bottleneck (33 runs):
      Utopia: 0%
      Dystopia: 0%
      Extinction: 100%
    extinction (15 runs):
      Utopia: 0%
      Dystopia: 0%
      Extinction: 100%

  HIGH REFUGEE CRISES (â‰¥3) â†’ OUTCOME:
    Total Runs: 100
    Utopia: 0%
    Dystopia: 0% âš ï¸  Fortress world risk
    Extinction: 100%

================================================================================
ðŸ’¡ SUMMARY
================================================================================

  POPULATION SYSTEM VALIDATION:
    âš ï¸  Significant population decline observed (0.31B average)

  REFUGEE SYSTEM VALIDATION:
    âœ“ Refugee crises are common (100% of runs)
      Triggers: climate, war, famine working as designed

  KEY FEATURES WORKING:
    âœ“ Concrete population tracking (8.0B â†’ varying outcomes)
    âœ“ Crash vs extinction distinction
    âœ“ Carrying capacity mechanics
    âœ“ Refugee crisis triggers

================================================================================

âœ… Population Dynamics Monte Carlo Test Complete!
   100 runs, 240 months each
   Total time: 495.9s

