📝 Writing output to: /Users/annhoward/src/ai_game_theory_simulation/monteCarloOutputs/mc_2025-10-11T22-13-31.log


🎲 MONTE CARLO SIMULATION - FULL SYSTEM TEST
================================================================================

⚙️  CONFIGURATION:
  Runs: 10
  Duration: 120 months (10.0 years)
  Seed Range: 42000 - 42009


⏩ RUNNING 10 SIMULATIONS...



❌ UNCAUGHT EXCEPTION: import_phases.UBIPhase is not a constructor
TypeError: import_phases.UBIPhase is not a constructor
    at new SimulationEngine (/Users/annhoward/src/ai_game_theory_simulation/src/simulation/engine.ts:226:37)
    at runs (/Users/annhoward/src/ai_game_theory_simulation/scripts/monteCarloSimulation.ts:261:18)
    at Object.<anonymous> (/Users/annhoward/src/ai_game_theory_simulation/scripts/monteCarloSimulation.ts:1400:55)
    at Module._compile (node:internal/modules/cjs/loader:1565:14)
    at Object.transformer (/Users/annhoward/.npm/_npx/fd45a72a545557e9/node_modules/tsx/dist/register-D46fvsV_.cjs:3:1104)
    at Module.load (node:internal/modules/cjs/loader:1318:32)
    at Function._load (node:internal/modules/cjs/loader:1128:12)
    at TracingChannel.traceSync (node:diagnostics_channel:322:14)
    at wrapModuleLoad (node:internal/modules/cjs/loader:219:24)
    at cjsLoader (node:internal/modules/esm/translators:263:5)
